0 info it worked if it ends with ok
1 verbose cli [ '/usr/bin/nodejs',
1 verbose cli   '/usr/bin/npm',
1 verbose cli   'install',
1 verbose cli   'express',
1 verbose cli   '--save' ]
2 info using npm@3.5.2
3 info using node@v4.2.6
4 silly loadCurrentTree Starting
5 silly install loadCurrentTree
6 silly install readLocalPackageData
7 silly fetchPackageMetaData express
8 silly fetchNamedPackageData express
9 silly mapToRegistry name express
10 silly mapToRegistry using default registry
11 silly mapToRegistry registry https://registry.npmjs.org/
12 silly mapToRegistry uri https://registry.npmjs.org/express
13 verbose request uri https://registry.npmjs.org/express
14 verbose request no auth needed
15 info attempt registry request try #1 at 1:47:04 PM
16 verbose request id b670089b1e3d1f1d
17 http request GET https://registry.npmjs.org/express
18 info retry will retry, error on last attempt: Error: tunneling socket could not be established, cause=getaddrinfo ENOTFOUND ds ds:443
19 info attempt registry request try #2 at 1:47:14 PM
20 http request GET https://registry.npmjs.org/express
21 info retry will retry, error on last attempt: Error: tunneling socket could not be established, cause=getaddrinfo ENOTFOUND ds ds:443
22 info attempt registry request try #3 at 1:48:14 PM
23 http request GET https://registry.npmjs.org/express
24 silly fetchPackageMetaData Error: tunneling socket could not be established, cause=getaddrinfo ENOTFOUND ds ds:443
24 silly fetchPackageMetaData     at ClientRequest.onError (/usr/share/npm/node_modules/request/node_modules/tunnel-agent/index.js:174:17)
24 silly fetchPackageMetaData     at ClientRequest.g (events.js:260:16)
24 silly fetchPackageMetaData     at emitOne (events.js:77:13)
24 silly fetchPackageMetaData     at ClientRequest.emit (events.js:169:7)
24 silly fetchPackageMetaData     at TLSSocket.socketErrorListener (_http_client.js:258:9)
24 silly fetchPackageMetaData     at emitOne (events.js:77:13)
24 silly fetchPackageMetaData     at TLSSocket.emit (events.js:169:7)
24 silly fetchPackageMetaData     at connectErrorNT (net.js:998:8)
24 silly fetchPackageMetaData     at nextTickCallbackWith2Args (node.js:441:9)
24 silly fetchPackageMetaData     at process._tickCallback (node.js:355:17)
24 silly fetchPackageMetaData  error for express { [Error: tunneling socket could not be established, cause=getaddrinfo ENOTFOUND ds ds:443] code: 'ECONNRESET' }
25 silly rollbackFailedOptional Starting
26 silly rollbackFailedOptional Finishing
27 silly runTopLevelLifecycles Starting
28 silly runTopLevelLifecycles Finishing
29 silly install printInstalled
30 verbose stack Error: tunneling socket could not be established, cause=getaddrinfo ENOTFOUND ds ds:443
30 verbose stack     at ClientRequest.onError (/usr/share/npm/node_modules/request/node_modules/tunnel-agent/index.js:174:17)
30 verbose stack     at ClientRequest.g (events.js:260:16)
30 verbose stack     at emitOne (events.js:77:13)
30 verbose stack     at ClientRequest.emit (events.js:169:7)
30 verbose stack     at TLSSocket.socketErrorListener (_http_client.js:258:9)
30 verbose stack     at emitOne (events.js:77:13)
30 verbose stack     at TLSSocket.emit (events.js:169:7)
30 verbose stack     at connectErrorNT (net.js:998:8)
30 verbose stack     at nextTickCallbackWith2Args (node.js:441:9)
30 verbose stack     at process._tickCallback (node.js:355:17)
31 verbose cwd /home/vmuser/Downloads/coms3009-propernotifier/Noted
32 error Linux 4.4.0-45-generic
33 error argv "/usr/bin/nodejs" "/usr/bin/npm" "install" "express" "--save"
34 error node v4.2.6
35 error npm  v3.5.2
36 error code ECONNRESET
37 error network tunneling socket could not be established, cause=getaddrinfo ENOTFOUND ds ds:443
38 error network This is most likely not a problem with npm itself
38 error network and is related to network connectivity.
38 error network In most cases you are behind a proxy or have bad network settings.
38 error network
38 error network If you are behind a proxy, please make sure that the
38 error network 'proxy' config is set properly.  See: 'npm help config'
39 verbose exit [ 1, true ]
